[0.035s] Invoking command in '/home/vyom/ros2_ws/build/cpp_pubsub': CMAKE_PREFIX_PATH=${CMAKE_PREFIX_PATH}:/home/vyom/turtlebot3_ws/install/turtlebot3_teleop:/home/vyom/turtlebot3_ws/install/turtlebot3_example:/home/vyom/ros2_ws/install/py_pubsub:/home/vyom/ros2_ws/install/my_launch_files:/opt/ros/humble /usr/bin/cmake --build /home/vyom/ros2_ws/build/cpp_pubsub -- -j8 -l8
[0.649s] [ 10%] [32mBuilding CXX object CMakeFiles/pstryNode.dir/src/ps4_try.cpp.o[0m
[0.649s] [ 10%] [32mBuilding CXX object CMakeFiles/dNode.dir/src/g2g_obs_avoidance_hardware.cpp.o[0m
[0.649s] [ 10%] [32mBuilding CXX object CMakeFiles/autoNode.dir/src/autonomous.cpp.o[0m
[0.650s] [ 17%] [32mBuilding CXX object CMakeFiles/xbox_node.dir/src/xbox_node.cpp.o[0m
[0.650s] [ 17%] [32mBuilding CXX object CMakeFiles/finalNode.dir/src/g2g_obs_avoidance_software.cpp.o[0m
[0.650s] [ 21%] [32mBuilding CXX object CMakeFiles/tb3Node.dir/src/first_node.cpp.o[0m
[0.650s] [ 25%] [32mBuilding CXX object CMakeFiles/gpsNode.dir/src/gps.cpp.o[0m
[0.650s] [ 28%] [32mBuilding CXX object CMakeFiles/ps4Node.dir/src/ps4.cpp.o[0m
[21.836s] [ 32%] [32m[1mLinking CXX executable ps4Node[0m
[22.349s] [ 35%] [32m[1mLinking CXX executable gpsNode[0m
[22.992s] [ 35%] Built target ps4Node
[23.065s] [ 39%] [32mBuilding CXX object CMakeFiles/armNode.dir/src/arm.cpp.o[0m
[23.501s] [ 39%] Built target gpsNode
[23.539s] [ 42%] [32m[1mLinking CXX executable pstryNode[0m
[23.564s] [ 46%] [32mBuilding CXX object CMakeFiles/ircNode.dir/src/autex.cpp.o[0m
[24.091s] [ 50%] [32m[1mLinking CXX executable xbox_node[0m
[24.571s] [ 50%] Built target pstryNode
[24.635s] [ 53%] [32mBuilding CXX object CMakeFiles/IrcNode.dir/src/autex_hardware.cpp.o[0m
[25.144s] [ 53%] Built target xbox_node
[25.216s] [ 57%] [32mBuilding CXX object CMakeFiles/CamNode.dir/src/3d_cam.cpp.o[0m
[30.988s] [ 60%] [32m[1mLinking CXX executable autoNode[0m
[31.727s] [ 64%] [32m[1mLinking CXX executable tb3Node[0m
[32.007s] [ 67%] [32m[1mLinking CXX executable finalNode[0m
[32.787s] [ 67%] Built target autoNode
[32.858s] [ 71%] [32mBuilding CXX object CMakeFiles/combine.dir/src/combined_drive_arm.cpp.o[0m
[33.435s] [ 71%] Built target tb3Node
[33.505s] [ 75%] [32mBuilding CXX object CMakeFiles/lidar.dir/src/lidar.cpp.o[0m
[33.715s] [ 75%] Built target finalNode
[33.994s] [ 78%] [32m[1mLinking CXX executable armNode[0m
[34.514s] [ 78%] Built target armNode
[38.560s] [ 82%] [32m[1mLinking CXX executable dNode[0m
[40.437s] [ 82%] Built target dNode
[45.988s] [ 85%] [32m[1mLinking CXX executable CamNode[0m
[46.680s] [ 85%] Built target CamNode
[46.763s] [ 89%] [32m[1mLinking CXX executable combine[0m
[46.862s] [ 92%] [32m[1mLinking CXX executable IrcNode[0m
[47.573s] [ 92%] Built target combine
[47.877s] [ 92%] Built target IrcNode
[48.188s] [ 96%] [32m[1mLinking CXX executable lidar[0m
[48.779s] [ 96%] Built target lidar
[50.792s] [100%] [32m[1mLinking CXX executable ircNode[0m
[51.671s] [100%] Built target ircNode
[51.687s] Invoked command in '/home/vyom/ros2_ws/build/cpp_pubsub' returned '0': CMAKE_PREFIX_PATH=${CMAKE_PREFIX_PATH}:/home/vyom/turtlebot3_ws/install/turtlebot3_teleop:/home/vyom/turtlebot3_ws/install/turtlebot3_example:/home/vyom/ros2_ws/install/py_pubsub:/home/vyom/ros2_ws/install/my_launch_files:/opt/ros/humble /usr/bin/cmake --build /home/vyom/ros2_ws/build/cpp_pubsub -- -j8 -l8
[51.700s] Invoking command in '/home/vyom/ros2_ws/build/cpp_pubsub': CMAKE_PREFIX_PATH=${CMAKE_PREFIX_PATH}:/home/vyom/turtlebot3_ws/install/turtlebot3_teleop:/home/vyom/turtlebot3_ws/install/turtlebot3_example:/home/vyom/ros2_ws/install/py_pubsub:/home/vyom/ros2_ws/install/my_launch_files:/opt/ros/humble /usr/bin/cmake --install /home/vyom/ros2_ws/build/cpp_pubsub
[51.710s] -- Install configuration: ""
[51.712s] -- Execute custom install script
[51.712s] -- Up-to-date symlink: /home/vyom/ros2_ws/install/cpp_pubsub/lib/cpp_pubsub/xbox_node
[51.713s] -- Up-to-date symlink: /home/vyom/ros2_ws/install/cpp_pubsub/lib/cpp_pubsub/finalNode
[51.713s] -- Up-to-date symlink: /home/vyom/ros2_ws/install/cpp_pubsub/lib/cpp_pubsub/tb3Node
[51.713s] -- Up-to-date symlink: /home/vyom/ros2_ws/install/cpp_pubsub/lib/cpp_pubsub/ps4Node
[51.713s] -- Up-to-date symlink: /home/vyom/ros2_ws/install/cpp_pubsub/lib/cpp_pubsub/pstryNode
[51.713s] -- Up-to-date symlink: /home/vyom/ros2_ws/install/cpp_pubsub/lib/cpp_pubsub/autoNode
[51.713s] -- Up-to-date symlink: /home/vyom/ros2_ws/install/cpp_pubsub/lib/cpp_pubsub/gpsNode
[51.713s] -- Up-to-date symlink: /home/vyom/ros2_ws/install/cpp_pubsub/lib/cpp_pubsub/dNode
[51.714s] -- Up-to-date symlink: /home/vyom/ros2_ws/install/cpp_pubsub/lib/cpp_pubsub/armNode
[51.714s] -- Up-to-date symlink: /home/vyom/ros2_ws/install/cpp_pubsub/lib/cpp_pubsub/ircNode
[51.714s] -- Up-to-date symlink: /home/vyom/ros2_ws/install/cpp_pubsub/lib/cpp_pubsub/IrcNode
[51.714s] -- Up-to-date symlink: /home/vyom/ros2_ws/install/cpp_pubsub/lib/cpp_pubsub/CamNode
[51.714s] -- Up-to-date symlink: /home/vyom/ros2_ws/install/cpp_pubsub/lib/cpp_pubsub/combine
[51.714s] -- Up-to-date symlink: /home/vyom/ros2_ws/install/cpp_pubsub/lib/cpp_pubsub/lidar
[51.715s] -- Up-to-date symlink: /home/vyom/ros2_ws/install/cpp_pubsub/share/ament_index/resource_index/package_run_dependencies/cpp_pubsub
[51.715s] -- Up-to-date symlink: /home/vyom/ros2_ws/install/cpp_pubsub/share/ament_index/resource_index/parent_prefix_path/cpp_pubsub
[51.715s] -- Up-to-date symlink: /home/vyom/ros2_ws/install/cpp_pubsub/share/cpp_pubsub/environment/ament_prefix_path.sh
[51.716s] -- Up-to-date symlink: /home/vyom/ros2_ws/install/cpp_pubsub/share/cpp_pubsub/environment/ament_prefix_path.dsv
[51.716s] -- Up-to-date symlink: /home/vyom/ros2_ws/install/cpp_pubsub/share/cpp_pubsub/environment/path.sh
[51.716s] -- Up-to-date symlink: /home/vyom/ros2_ws/install/cpp_pubsub/share/cpp_pubsub/environment/path.dsv
[51.716s] -- Up-to-date symlink: /home/vyom/ros2_ws/install/cpp_pubsub/share/cpp_pubsub/local_setup.bash
[51.716s] -- Up-to-date symlink: /home/vyom/ros2_ws/install/cpp_pubsub/share/cpp_pubsub/local_setup.sh
[51.717s] -- Up-to-date symlink: /home/vyom/ros2_ws/install/cpp_pubsub/share/cpp_pubsub/local_setup.zsh
[51.717s] -- Up-to-date symlink: /home/vyom/ros2_ws/install/cpp_pubsub/share/cpp_pubsub/local_setup.dsv
[51.717s] -- Symlinking: /home/vyom/ros2_ws/install/cpp_pubsub/share/cpp_pubsub/package.dsv
[51.729s] -- Up-to-date symlink: /home/vyom/ros2_ws/install/cpp_pubsub/share/ament_index/resource_index/packages/cpp_pubsub
[51.729s] -- Up-to-date symlink: /home/vyom/ros2_ws/install/cpp_pubsub/share/cpp_pubsub/cmake/cpp_pubsubConfig.cmake
[51.729s] -- Up-to-date symlink: /home/vyom/ros2_ws/install/cpp_pubsub/share/cpp_pubsub/cmake/cpp_pubsubConfig-version.cmake
[51.729s] -- Up-to-date symlink: /home/vyom/ros2_ws/install/cpp_pubsub/share/cpp_pubsub/package.xml
[51.732s] Invoked command in '/home/vyom/ros2_ws/build/cpp_pubsub' returned '0': CMAKE_PREFIX_PATH=${CMAKE_PREFIX_PATH}:/home/vyom/turtlebot3_ws/install/turtlebot3_teleop:/home/vyom/turtlebot3_ws/install/turtlebot3_example:/home/vyom/ros2_ws/install/py_pubsub:/home/vyom/ros2_ws/install/my_launch_files:/opt/ros/humble /usr/bin/cmake --install /home/vyom/ros2_ws/build/cpp_pubsub
