[1.012s] Invoking command in '/home/vyom/ros2_ws/build/py_pubsub': PYTHONPATH=/home/vyom/ros2_ws/build/py_pubsub/prefix_override:/usr/lib/python3/dist-packages/colcon_core/task/python/colcon_distutils_commands:/home/vyom/ros2_ws/install/py_pubsub/lib/python3.10/site-packages:${PYTHONPATH} /usr/bin/python3 -W ignore:setup.py install is deprecated -W ignore:easy_install command is deprecated setup.py develop --editable --build-directory /home/vyom/ros2_ws/build/py_pubsub/build --no-deps symlink_data --force
[1.375s] running develop
[1.553s] running egg_info
[1.554s] writing py_pubsub.egg-info/PKG-INFO
[1.554s] writing dependency_links to py_pubsub.egg-info/dependency_links.txt
[1.554s] writing entry points to py_pubsub.egg-info/entry_points.txt
[1.555s] writing requirements to py_pubsub.egg-info/requires.txt
[1.555s] writing top-level names to py_pubsub.egg-info/top_level.txt
[1.557s] reading manifest file 'py_pubsub.egg-info/SOURCES.txt'
[1.558s] writing manifest file 'py_pubsub.egg-info/SOURCES.txt'
[1.560s] running build_ext
[1.560s] Creating /home/vyom/ros2_ws/install/py_pubsub/lib/python3.10/site-packages/py-pubsub.egg-link (link to .)
[1.561s] Installing binary_im script to /home/vyom/ros2_ws/install/py_pubsub/lib/py_pubsub
[1.562s] Installing ekf_slam script to /home/vyom/ros2_ws/install/py_pubsub/lib/py_pubsub
[1.562s] Installing gd script to /home/vyom/ros2_ws/install/py_pubsub/lib/py_pubsub
[1.562s] Installing localization script to /home/vyom/ros2_ws/install/py_pubsub/lib/py_pubsub
[1.562s] Installing m2C script to /home/vyom/ros2_ws/install/py_pubsub/lib/py_pubsub
[1.562s] Installing slam_d script to /home/vyom/ros2_ws/install/py_pubsub/lib/py_pubsub
[1.562s] 
[1.562s] Installed /home/vyom/ros2_ws/build/py_pubsub
[1.562s] running symlink_data
[1.562s] symbolically linking /home/vyom/ros2_ws/build/py_pubsub/resource/py_pubsub -> /home/vyom/ros2_ws/install/py_pubsub/share/ament_index/resource_index/packages
[1.563s] symbolically linking /home/vyom/ros2_ws/build/py_pubsub/package.xml -> /home/vyom/ros2_ws/install/py_pubsub/share/py_pubsub
[1.601s] Invoked command in '/home/vyom/ros2_ws/build/py_pubsub' returned '0': PYTHONPATH=/home/vyom/ros2_ws/build/py_pubsub/prefix_override:/usr/lib/python3/dist-packages/colcon_core/task/python/colcon_distutils_commands:/home/vyom/ros2_ws/install/py_pubsub/lib/python3.10/site-packages:${PYTHONPATH} /usr/bin/python3 -W ignore:setup.py install is deprecated -W ignore:easy_install command is deprecated setup.py develop --editable --build-directory /home/vyom/ros2_ws/build/py_pubsub/build --no-deps symlink_data --force
