[0.025s] Invoking command in '/home/vyom/ros2_ws/build/cpp_pubsub': CMAKE_PREFIX_PATH=${CMAKE_PREFIX_PATH}:/home/vyom/turtlebot3_ws/install/turtlebot3_teleop:/home/vyom/turtlebot3_ws/install/turtlebot3_example:/home/vyom/ros2_ws/install/py_pubsub:/home/vyom/ros2_ws/install/my_launch_files:/opt/ros/humble /usr/bin/cmake --build /home/vyom/ros2_ws/build/cpp_pubsub -- -j8 -l8
[0.327s] [35m[1mConsolidate compiler generated dependencies of target pstryNode[0m
[0.327s] [35m[1mConsolidate compiler generated dependencies of target gpsNode[0m
[0.328s] [35m[1mConsolidate compiler generated dependencies of target xbox_node[0m
[0.328s] [35m[1mConsolidate compiler generated dependencies of target tb3Node[0m
[0.328s] [35m[1mConsolidate compiler generated dependencies of target ps4Node[0m
[0.328s] [35m[1mConsolidate compiler generated dependencies of target finalNode[0m
[0.328s] [35m[1mConsolidate compiler generated dependencies of target dNode[0m
[0.328s] [35m[1mConsolidate compiler generated dependencies of target autoNode[0m
[0.328s] [ 21%] Built target finalNode
[0.328s] [ 21%] Built target gpsNode
[0.328s] [ 21%] Built target ps4Node
[0.328s] [ 28%] Built target tb3Node
[0.328s] [ 35%] Built target autoNode
[0.328s] [ 42%] Built target dNode
[0.328s] [ 50%] Built target pstryNode
[0.328s] [ 57%] Built target xbox_node
[0.328s] [35m[1mConsolidate compiler generated dependencies of target combine[0m
[0.328s] [35m[1mConsolidate compiler generated dependencies of target ircNode[0m
[0.328s] [35m[1mConsolidate compiler generated dependencies of target armNode[0m
[0.329s] [35m[1mConsolidate compiler generated dependencies of target IrcNode[0m
[0.329s] [35m[1mConsolidate compiler generated dependencies of target CamNode[0m
[0.329s] [35m[1mConsolidate compiler generated dependencies of target lidar[0m
[0.329s] [ 64%] Built target combine
[0.329s] [ 71%] Built target armNode
[0.329s] [ 85%] Built target IrcNode
[0.329s] [ 85%] Built target CamNode
[0.329s] [ 92%] Built target ircNode
[0.329s] [100%] Built target lidar
[0.570s] Invoked command in '/home/vyom/ros2_ws/build/cpp_pubsub' returned '0': CMAKE_PREFIX_PATH=${CMAKE_PREFIX_PATH}:/home/vyom/turtlebot3_ws/install/turtlebot3_teleop:/home/vyom/turtlebot3_ws/install/turtlebot3_example:/home/vyom/ros2_ws/install/py_pubsub:/home/vyom/ros2_ws/install/my_launch_files:/opt/ros/humble /usr/bin/cmake --build /home/vyom/ros2_ws/build/cpp_pubsub -- -j8 -l8
[0.585s] Invoking command in '/home/vyom/ros2_ws/build/cpp_pubsub': CMAKE_PREFIX_PATH=${CMAKE_PREFIX_PATH}:/home/vyom/turtlebot3_ws/install/turtlebot3_teleop:/home/vyom/turtlebot3_ws/install/turtlebot3_example:/home/vyom/ros2_ws/install/py_pubsub:/home/vyom/ros2_ws/install/my_launch_files:/opt/ros/humble /usr/bin/cmake --install /home/vyom/ros2_ws/build/cpp_pubsub
[0.592s] -- Install configuration: ""
[0.594s] -- Execute custom install script
[0.595s] -- Up-to-date symlink: /home/vyom/ros2_ws/install/cpp_pubsub/lib/cpp_pubsub/xbox_node
[0.595s] -- Up-to-date symlink: /home/vyom/ros2_ws/install/cpp_pubsub/lib/cpp_pubsub/finalNode
[0.595s] -- Up-to-date symlink: /home/vyom/ros2_ws/install/cpp_pubsub/lib/cpp_pubsub/tb3Node
[0.595s] -- Up-to-date symlink: /home/vyom/ros2_ws/install/cpp_pubsub/lib/cpp_pubsub/ps4Node
[0.595s] -- Up-to-date symlink: /home/vyom/ros2_ws/install/cpp_pubsub/lib/cpp_pubsub/pstryNode
[0.595s] -- Up-to-date symlink: /home/vyom/ros2_ws/install/cpp_pubsub/lib/cpp_pubsub/autoNode
[0.595s] -- Up-to-date symlink: /home/vyom/ros2_ws/install/cpp_pubsub/lib/cpp_pubsub/gpsNode
[0.595s] -- Up-to-date symlink: /home/vyom/ros2_ws/install/cpp_pubsub/lib/cpp_pubsub/dNode
[0.596s] -- Up-to-date symlink: /home/vyom/ros2_ws/install/cpp_pubsub/lib/cpp_pubsub/armNode
[0.596s] -- Up-to-date symlink: /home/vyom/ros2_ws/install/cpp_pubsub/lib/cpp_pubsub/ircNode
[0.596s] -- Up-to-date symlink: /home/vyom/ros2_ws/install/cpp_pubsub/lib/cpp_pubsub/IrcNode
[0.596s] -- Up-to-date symlink: /home/vyom/ros2_ws/install/cpp_pubsub/lib/cpp_pubsub/CamNode
[0.596s] -- Up-to-date symlink: /home/vyom/ros2_ws/install/cpp_pubsub/lib/cpp_pubsub/combine
[0.596s] -- Up-to-date symlink: /home/vyom/ros2_ws/install/cpp_pubsub/lib/cpp_pubsub/lidar
[0.596s] -- Up-to-date symlink: /home/vyom/ros2_ws/install/cpp_pubsub/share/ament_index/resource_index/package_run_dependencies/cpp_pubsub
[0.596s] -- Up-to-date symlink: /home/vyom/ros2_ws/install/cpp_pubsub/share/ament_index/resource_index/parent_prefix_path/cpp_pubsub
[0.597s] -- Up-to-date symlink: /home/vyom/ros2_ws/install/cpp_pubsub/share/cpp_pubsub/environment/ament_prefix_path.sh
[0.597s] -- Up-to-date symlink: /home/vyom/ros2_ws/install/cpp_pubsub/share/cpp_pubsub/environment/ament_prefix_path.dsv
[0.597s] -- Up-to-date symlink: /home/vyom/ros2_ws/install/cpp_pubsub/share/cpp_pubsub/environment/path.sh
[0.597s] -- Up-to-date symlink: /home/vyom/ros2_ws/install/cpp_pubsub/share/cpp_pubsub/environment/path.dsv
[0.597s] -- Up-to-date symlink: /home/vyom/ros2_ws/install/cpp_pubsub/share/cpp_pubsub/local_setup.bash
[0.597s] -- Up-to-date symlink: /home/vyom/ros2_ws/install/cpp_pubsub/share/cpp_pubsub/local_setup.sh
[0.598s] -- Up-to-date symlink: /home/vyom/ros2_ws/install/cpp_pubsub/share/cpp_pubsub/local_setup.zsh
[0.598s] -- Up-to-date symlink: /home/vyom/ros2_ws/install/cpp_pubsub/share/cpp_pubsub/local_setup.dsv
[0.598s] -- Symlinking: /home/vyom/ros2_ws/install/cpp_pubsub/share/cpp_pubsub/package.dsv
[0.607s] -- Up-to-date symlink: /home/vyom/ros2_ws/install/cpp_pubsub/share/ament_index/resource_index/packages/cpp_pubsub
[0.607s] -- Up-to-date symlink: /home/vyom/ros2_ws/install/cpp_pubsub/share/cpp_pubsub/cmake/cpp_pubsubConfig.cmake
[0.607s] -- Up-to-date symlink: /home/vyom/ros2_ws/install/cpp_pubsub/share/cpp_pubsub/cmake/cpp_pubsubConfig-version.cmake
[0.607s] -- Up-to-date symlink: /home/vyom/ros2_ws/install/cpp_pubsub/share/cpp_pubsub/package.xml
[0.610s] Invoked command in '/home/vyom/ros2_ws/build/cpp_pubsub' returned '0': CMAKE_PREFIX_PATH=${CMAKE_PREFIX_PATH}:/home/vyom/turtlebot3_ws/install/turtlebot3_teleop:/home/vyom/turtlebot3_ws/install/turtlebot3_example:/home/vyom/ros2_ws/install/py_pubsub:/home/vyom/ros2_ws/install/my_launch_files:/opt/ros/humble /usr/bin/cmake --install /home/vyom/ros2_ws/build/cpp_pubsub
