[0.015s] Invoking command in '/home/vyom/ros2_ws/build/cpp_pubsub': CMAKE_PREFIX_PATH=/opt/ros/humble /usr/bin/cmake /home/vyom/ros2_ws/src/cpp_pubsub -DAMENT_CMAKE_SYMLINK_INSTALL=1 -DCMAKE_INSTALL_PREFIX=/home/vyom/ros2_ws/install/cpp_pubsub
[0.242s] -- Found ament_cmake: 1.3.11 (/opt/ros/humble/share/ament_cmake/cmake)
[0.242s] -- Override CMake install command with custom implementation using symlinks instead of copying resources
[0.242s] -- Found rclcpp: 16.0.12 (/opt/ros/humble/share/rclcpp/cmake)
[0.242s] -- Found rosidl_generator_c: 3.1.6 (/opt/ros/humble/share/rosidl_generator_c/cmake)
[0.242s] -- Found rosidl_adapter: 3.1.6 (/opt/ros/humble/share/rosidl_adapter/cmake)
[0.242s] -- Found rosidl_generator_cpp: 3.1.6 (/opt/ros/humble/share/rosidl_generator_cpp/cmake)
[0.242s] -- Using all available rosidl_typesupport_c: rosidl_typesupport_fastrtps_c;rosidl_typesupport_introspection_c
[0.242s] -- Using all available rosidl_typesupport_cpp: rosidl_typesupport_fastrtps_cpp;rosidl_typesupport_introspection_cpp
[0.242s] -- Found rmw_implementation_cmake: 6.1.2 (/opt/ros/humble/share/rmw_implementation_cmake/cmake)
[0.242s] -- Found rmw_fastrtps_cpp: 6.2.7 (/opt/ros/humble/share/rmw_fastrtps_cpp/cmake)
[0.300s] -- Using RMW implementation 'rmw_fastrtps_cpp' as default
[0.345s] -- Found turtlesim: 1.4.2 (/opt/ros/humble/share/turtlesim/cmake)
[0.377s] -- Found geometry_msgs: 4.9.0 (/opt/ros/humble/share/geometry_msgs/cmake)
[0.388s] -- Found nav_msgs: 4.9.0 (/opt/ros/humble/share/nav_msgs/cmake)
[0.403s] -- Found nmea_msgs: 2.0.0 (/opt/ros/humble/share/nmea_msgs/cmake)
[0.414s] -- Found sensor_msgs: 4.9.0 (/opt/ros/humble/share/sensor_msgs/cmake)
[0.430s] -- Found tf2: 0.25.13 (/opt/ros/humble/share/tf2/cmake)
[0.433s] -- Found tf2_geometry_msgs: 0.25.13 (/opt/ros/humble/share/tf2_geometry_msgs/cmake)
[0.442s] -- Found eigen3_cmake_module: 0.1.1 (/opt/ros/humble/share/eigen3_cmake_module/cmake)
[0.443s] -- Ensuring Eigen3 include directory is part of orocos-kdl CMake target
[0.530s] -- Found ament_lint_auto: 0.12.12 (/opt/ros/humble/share/ament_lint_auto/cmake)
[0.604s] -- Added test 'cppcheck' to perform static code analysis on C / C++ code
[0.605s] -- Configured cppcheck include dirs: /home/vyom/ros2_ws/src/cpp_pubsub/include
[0.605s] -- Configured cppcheck exclude dirs and/or files: 
[0.605s] -- Added test 'lint_cmake' to check CMake code style
[0.607s] -- Added test 'uncrustify' to check C / C++ code style
[0.607s] -- Configured uncrustify additional arguments: 
[0.607s] -- Added test 'xmllint' to check XML markup files
[0.608s] -- Configuring done
[0.670s] -- Generating done
[0.700s] -- Build files have been written to: /home/vyom/ros2_ws/build/cpp_pubsub
[0.711s] Invoked command in '/home/vyom/ros2_ws/build/cpp_pubsub' returned '0': CMAKE_PREFIX_PATH=/opt/ros/humble /usr/bin/cmake /home/vyom/ros2_ws/src/cpp_pubsub -DAMENT_CMAKE_SYMLINK_INSTALL=1 -DCMAKE_INSTALL_PREFIX=/home/vyom/ros2_ws/install/cpp_pubsub
[0.713s] Invoking command in '/home/vyom/ros2_ws/build/cpp_pubsub': CMAKE_PREFIX_PATH=/opt/ros/humble /usr/bin/cmake --build /home/vyom/ros2_ws/build/cpp_pubsub -- -j8 -l8
[0.769s] [  3%] [32mBuilding CXX object CMakeFiles/tb3Node.dir/src/first_node.cpp.o[0m
[0.769s] [  7%] [32mBuilding CXX object CMakeFiles/ps4Node.dir/src/ps4.cpp.o[0m
[0.773s] [ 14%] [32mBuilding CXX object CMakeFiles/xbox_node.dir/src/xbox_node.cpp.o[0m
[0.778s] [ 10%] [32mBuilding CXX object CMakeFiles/pstryNode.dir/src/ps4_try.cpp.o[0m
[0.778s] [ 17%] [32mBuilding CXX object CMakeFiles/finalNode.dir/src/g2g_obs_avoidance_software.cpp.o[0m
[0.779s] [ 21%] [32mBuilding CXX object CMakeFiles/autoNode.dir/src/autonomous.cpp.o[0m
[0.784s] [ 25%] [32mBuilding CXX object CMakeFiles/dNode.dir/src/g2g_obs_avoidance_hardware.cpp.o[0m
[0.792s] [ 28%] [32mBuilding CXX object CMakeFiles/gpsNode.dir/src/gps.cpp.o[0m
[20.072s] [ 32%] [32m[1mLinking CXX executable gpsNode[0m
[20.189s] [ 35%] [32m[1mLinking CXX executable ps4Node[0m
[20.356s] [ 39%] [32m[1mLinking CXX executable xbox_node[0m
[20.855s] [ 42%] [32m[1mLinking CXX executable pstryNode[0m
[21.432s] [ 42%] Built target gpsNode
[21.452s] [ 42%] Built target ps4Node
[21.479s] [ 46%] [32mBuilding CXX object CMakeFiles/armNode.dir/src/arm.cpp.o[0m
[21.494s] [ 50%] [32mBuilding CXX object CMakeFiles/ircNode.dir/src/autex.cpp.o[0m
[21.541s] [ 50%] Built target xbox_node
[21.585s] [ 53%] [32mBuilding CXX object CMakeFiles/IrcNode.dir/src/autex_hardware.cpp.o[0m
[21.849s] [ 53%] Built target pstryNode
[21.887s] [ 57%] [32mBuilding CXX object CMakeFiles/CamNode.dir/src/3d_cam.cpp.o[0m
[30.032s] [ 60%] [32m[1mLinking CXX executable autoNode[0m
[30.081s] [ 64%] [32m[1mLinking CXX executable finalNode[0m
[30.423s] [ 67%] [32m[1mLinking CXX executable tb3Node[0m
[31.923s] [ 67%] Built target autoNode
[31.977s] [ 71%] [32mBuilding CXX object CMakeFiles/combine.dir/src/combined_drive_arm.cpp.o[0m
[32.104s] [ 71%] Built target finalNode
[32.152s] [ 75%] [32mBuilding CXX object CMakeFiles/lidar.dir/src/lidar.cpp.o[0m
[32.305s] [ 75%] Built target tb3Node
[32.990s] [ 78%] [32m[1mLinking CXX executable armNode[0m
[33.532s] [ 78%] Built target armNode
[36.953s] [ 82%] [32m[1mLinking CXX executable dNode[0m
[38.953s] [ 82%] Built target dNode
[44.795s] [ 85%] [32m[1mLinking CXX executable CamNode[0m
[45.083s] [ 89%] [32m[1mLinking CXX executable IrcNode[0m
[45.841s] [ 89%] Built target CamNode
[46.151s] [ 89%] Built target IrcNode
[46.858s] [ 92%] [32m[1mLinking CXX executable combine[0m
[47.550s] [ 92%] Built target combine
[48.376s] [ 96%] [32m[1mLinking CXX executable ircNode[0m
[49.420s] [ 96%] Built target ircNode
[50.170s] [100%] [32m[1mLinking CXX executable lidar[0m
[50.640s] [100%] Built target lidar
[50.692s] Invoked command in '/home/vyom/ros2_ws/build/cpp_pubsub' returned '0': CMAKE_PREFIX_PATH=/opt/ros/humble /usr/bin/cmake --build /home/vyom/ros2_ws/build/cpp_pubsub -- -j8 -l8
[50.723s] Invoking command in '/home/vyom/ros2_ws/build/cpp_pubsub': CMAKE_PREFIX_PATH=/opt/ros/humble /usr/bin/cmake --install /home/vyom/ros2_ws/build/cpp_pubsub
[50.726s] -- Install configuration: ""
[50.726s] -- Execute custom install script
[50.727s] -- Symlinking: /home/vyom/ros2_ws/install/cpp_pubsub/lib/cpp_pubsub/xbox_node
[50.734s] -- Symlinking: /home/vyom/ros2_ws/install/cpp_pubsub/lib/cpp_pubsub/finalNode
[50.741s] -- Symlinking: /home/vyom/ros2_ws/install/cpp_pubsub/lib/cpp_pubsub/tb3Node
[50.749s] -- Symlinking: /home/vyom/ros2_ws/install/cpp_pubsub/lib/cpp_pubsub/ps4Node
[50.757s] -- Symlinking: /home/vyom/ros2_ws/install/cpp_pubsub/lib/cpp_pubsub/pstryNode
[50.764s] -- Symlinking: /home/vyom/ros2_ws/install/cpp_pubsub/lib/cpp_pubsub/autoNode
[50.776s] -- Symlinking: /home/vyom/ros2_ws/install/cpp_pubsub/lib/cpp_pubsub/gpsNode
[50.786s] -- Symlinking: /home/vyom/ros2_ws/install/cpp_pubsub/lib/cpp_pubsub/dNode
[50.794s] -- Symlinking: /home/vyom/ros2_ws/install/cpp_pubsub/lib/cpp_pubsub/armNode
[50.801s] -- Symlinking: /home/vyom/ros2_ws/install/cpp_pubsub/lib/cpp_pubsub/ircNode
[50.808s] -- Symlinking: /home/vyom/ros2_ws/install/cpp_pubsub/lib/cpp_pubsub/IrcNode
[50.814s] -- Symlinking: /home/vyom/ros2_ws/install/cpp_pubsub/lib/cpp_pubsub/CamNode
[50.821s] -- Symlinking: /home/vyom/ros2_ws/install/cpp_pubsub/lib/cpp_pubsub/combine
[50.828s] -- Symlinking: /home/vyom/ros2_ws/install/cpp_pubsub/lib/cpp_pubsub/lidar
[50.836s] -- Symlinking: /home/vyom/ros2_ws/install/cpp_pubsub/share/ament_index/resource_index/package_run_dependencies/cpp_pubsub
[50.843s] -- Symlinking: /home/vyom/ros2_ws/install/cpp_pubsub/share/ament_index/resource_index/parent_prefix_path/cpp_pubsub
[50.851s] -- Symlinking: /home/vyom/ros2_ws/install/cpp_pubsub/share/cpp_pubsub/environment/ament_prefix_path.sh
[50.858s] -- Symlinking: /home/vyom/ros2_ws/install/cpp_pubsub/share/cpp_pubsub/environment/ament_prefix_path.dsv
[50.865s] -- Symlinking: /home/vyom/ros2_ws/install/cpp_pubsub/share/cpp_pubsub/environment/path.sh
[50.872s] -- Symlinking: /home/vyom/ros2_ws/install/cpp_pubsub/share/cpp_pubsub/environment/path.dsv
[50.879s] -- Symlinking: /home/vyom/ros2_ws/install/cpp_pubsub/share/cpp_pubsub/local_setup.bash
[50.887s] -- Symlinking: /home/vyom/ros2_ws/install/cpp_pubsub/share/cpp_pubsub/local_setup.sh
[50.894s] -- Symlinking: /home/vyom/ros2_ws/install/cpp_pubsub/share/cpp_pubsub/local_setup.zsh
[50.901s] -- Symlinking: /home/vyom/ros2_ws/install/cpp_pubsub/share/cpp_pubsub/local_setup.dsv
[50.908s] -- Symlinking: /home/vyom/ros2_ws/install/cpp_pubsub/share/cpp_pubsub/package.dsv
[50.915s] -- Symlinking: /home/vyom/ros2_ws/install/cpp_pubsub/share/ament_index/resource_index/packages/cpp_pubsub
[50.923s] -- Symlinking: /home/vyom/ros2_ws/install/cpp_pubsub/share/cpp_pubsub/cmake/cpp_pubsubConfig.cmake
[50.930s] -- Symlinking: /home/vyom/ros2_ws/install/cpp_pubsub/share/cpp_pubsub/cmake/cpp_pubsubConfig-version.cmake
[50.938s] -- Symlinking: /home/vyom/ros2_ws/install/cpp_pubsub/share/cpp_pubsub/package.xml
[50.956s] Invoked command in '/home/vyom/ros2_ws/build/cpp_pubsub' returned '0': CMAKE_PREFIX_PATH=/opt/ros/humble /usr/bin/cmake --install /home/vyom/ros2_ws/build/cpp_pubsub
