[0.026s] Invoking command in '/home/vyom/ros2_ws/build/cpp_pubsub': CMAKE_PREFIX_PATH=${CMAKE_PREFIX_PATH}:/home/vyom/turtlebot3_ws/install/turtlebot3_teleop:/home/vyom/turtlebot3_ws/install/turtlebot3_example:/home/vyom/ros2_ws/install/py_pubsub:/home/vyom/ros2_ws/install/my_launch_files:/opt/ros/humble /usr/bin/cmake /home/vyom/ros2_ws/src/cpp_pubsub -DAMENT_CMAKE_SYMLINK_INSTALL=1 -DCMAKE_INSTALL_PREFIX=/home/vyom/ros2_ws/install/cpp_pubsub
[0.307s] -- Found ament_cmake: 1.3.11 (/opt/ros/humble/share/ament_cmake/cmake)
[0.307s] -- Override CMake install command with custom implementation using symlinks instead of copying resources
[0.308s] -- Found rclcpp: 16.0.12 (/opt/ros/humble/share/rclcpp/cmake)
[0.308s] -- Found rosidl_generator_c: 3.1.6 (/opt/ros/humble/share/rosidl_generator_c/cmake)
[0.308s] -- Found rosidl_adapter: 3.1.6 (/opt/ros/humble/share/rosidl_adapter/cmake)
[0.308s] -- Found rosidl_generator_cpp: 3.1.6 (/opt/ros/humble/share/rosidl_generator_cpp/cmake)
[0.308s] -- Using all available rosidl_typesupport_c: rosidl_typesupport_fastrtps_c;rosidl_typesupport_introspection_c
[0.308s] -- Using all available rosidl_typesupport_cpp: rosidl_typesupport_fastrtps_cpp;rosidl_typesupport_introspection_cpp
[0.331s] -- Found rmw_implementation_cmake: 6.1.2 (/opt/ros/humble/share/rmw_implementation_cmake/cmake)
[0.335s] -- Found rmw_fastrtps_cpp: 6.2.7 (/opt/ros/humble/share/rmw_fastrtps_cpp/cmake)
[0.455s] -- Using RMW implementation 'rmw_fastrtps_cpp' as default
[0.514s] -- Found turtlesim: 1.4.2 (/opt/ros/humble/share/turtlesim/cmake)
[0.573s] -- Found geometry_msgs: 4.9.0 (/opt/ros/humble/share/geometry_msgs/cmake)
[0.588s] -- Found nav_msgs: 4.9.0 (/opt/ros/humble/share/nav_msgs/cmake)
[0.607s] -- Found nmea_msgs: 2.0.0 (/opt/ros/humble/share/nmea_msgs/cmake)
[0.623s] -- Found sensor_msgs: 4.9.0 (/opt/ros/humble/share/sensor_msgs/cmake)
[0.646s] -- Found tf2: 0.25.13 (/opt/ros/humble/share/tf2/cmake)
[0.654s] -- Found tf2_geometry_msgs: 0.25.13 (/opt/ros/humble/share/tf2_geometry_msgs/cmake)
[0.661s] -- Found eigen3_cmake_module: 0.1.1 (/opt/ros/humble/share/eigen3_cmake_module/cmake)
[0.663s] -- Ensuring Eigen3 include directory is part of orocos-kdl CMake target
[0.807s] -- Found ament_lint_auto: 0.12.12 (/opt/ros/humble/share/ament_lint_auto/cmake)
[0.895s] -- Added test 'cppcheck' to perform static code analysis on C / C++ code
[0.896s] -- Configured cppcheck include dirs: /home/vyom/ros2_ws/src/cpp_pubsub/include
[0.896s] -- Configured cppcheck exclude dirs and/or files: 
[0.898s] -- Added test 'lint_cmake' to check CMake code style
[0.900s] -- Added test 'uncrustify' to check C / C++ code style
[0.900s] -- Configured uncrustify additional arguments: 
[0.900s] -- Added test 'xmllint' to check XML markup files
[0.902s] -- Configuring done
[0.993s] -- Generating done
[1.031s] -- Build files have been written to: /home/vyom/ros2_ws/build/cpp_pubsub
[1.043s] Invoked command in '/home/vyom/ros2_ws/build/cpp_pubsub' returned '0': CMAKE_PREFIX_PATH=${CMAKE_PREFIX_PATH}:/home/vyom/turtlebot3_ws/install/turtlebot3_teleop:/home/vyom/turtlebot3_ws/install/turtlebot3_example:/home/vyom/ros2_ws/install/py_pubsub:/home/vyom/ros2_ws/install/my_launch_files:/opt/ros/humble /usr/bin/cmake /home/vyom/ros2_ws/src/cpp_pubsub -DAMENT_CMAKE_SYMLINK_INSTALL=1 -DCMAKE_INSTALL_PREFIX=/home/vyom/ros2_ws/install/cpp_pubsub
[1.045s] Invoking command in '/home/vyom/ros2_ws/build/cpp_pubsub': CMAKE_PREFIX_PATH=${CMAKE_PREFIX_PATH}:/home/vyom/turtlebot3_ws/install/turtlebot3_teleop:/home/vyom/turtlebot3_ws/install/turtlebot3_example:/home/vyom/ros2_ws/install/py_pubsub:/home/vyom/ros2_ws/install/my_launch_files:/opt/ros/humble /usr/bin/cmake --build /home/vyom/ros2_ws/build/cpp_pubsub -- -j8 -l8
[1.107s] [35m[1mConsolidate compiler generated dependencies of target ps4Node[0m
[1.107s] [35m[1mConsolidate compiler generated dependencies of target xbox_node[0m
[1.107s] [35m[1mConsolidate compiler generated dependencies of target autoNode[0m
[1.108s] [35m[1mConsolidate compiler generated dependencies of target tb3Node[0m
[1.108s] [35m[1mConsolidate compiler generated dependencies of target finalNode[0m
[1.110s] [35m[1mConsolidate compiler generated dependencies of target pstryNode[0m
[1.114s] [35m[1mConsolidate compiler generated dependencies of target dNode[0m
[1.116s] [35m[1mConsolidate compiler generated dependencies of target gpsNode[0m
[1.151s] [  7%] Built target ps4Node
[1.153s] [ 14%] Built target autoNode
[1.153s] [ 21%] Built target xbox_node
[1.156s] [ 28%] Built target tb3Node
[1.157s] [ 35%] Built target finalNode
[1.158s] [ 42%] Built target pstryNode
[1.164s] [ 50%] Built target dNode
[1.168s] [ 57%] Built target gpsNode
[1.174s] [35m[1mConsolidate compiler generated dependencies of target armNode[0m
[1.181s] [35m[1mConsolidate compiler generated dependencies of target ircNode[0m
[1.187s] [35m[1mConsolidate compiler generated dependencies of target CamNode[0m
[1.188s] [35m[1mConsolidate compiler generated dependencies of target lidar[0m
[1.190s] [35m[1mConsolidate compiler generated dependencies of target combine[0m
[1.191s] [35m[1mConsolidate compiler generated dependencies of target IrcNode[0m
[1.204s] [ 64%] Built target armNode
[1.215s] [ 71%] Built target ircNode
[1.220s] [ 78%] Built target lidar
[1.221s] [ 85%] Built target combine
[1.222s] [ 92%] Built target CamNode
[1.224s] [100%] Built target IrcNode
[1.238s] Invoked command in '/home/vyom/ros2_ws/build/cpp_pubsub' returned '0': CMAKE_PREFIX_PATH=${CMAKE_PREFIX_PATH}:/home/vyom/turtlebot3_ws/install/turtlebot3_teleop:/home/vyom/turtlebot3_ws/install/turtlebot3_example:/home/vyom/ros2_ws/install/py_pubsub:/home/vyom/ros2_ws/install/my_launch_files:/opt/ros/humble /usr/bin/cmake --build /home/vyom/ros2_ws/build/cpp_pubsub -- -j8 -l8
[1.250s] Invoking command in '/home/vyom/ros2_ws/build/cpp_pubsub': CMAKE_PREFIX_PATH=${CMAKE_PREFIX_PATH}:/home/vyom/turtlebot3_ws/install/turtlebot3_teleop:/home/vyom/turtlebot3_ws/install/turtlebot3_example:/home/vyom/ros2_ws/install/py_pubsub:/home/vyom/ros2_ws/install/my_launch_files:/opt/ros/humble /usr/bin/cmake --install /home/vyom/ros2_ws/build/cpp_pubsub
[1.258s] -- Install configuration: ""
[1.258s] -- Execute custom install script
[1.259s] -- Up-to-date symlink: /home/vyom/ros2_ws/install/cpp_pubsub/lib/cpp_pubsub/xbox_node
[1.259s] -- Up-to-date symlink: /home/vyom/ros2_ws/install/cpp_pubsub/lib/cpp_pubsub/finalNode
[1.259s] -- Up-to-date symlink: /home/vyom/ros2_ws/install/cpp_pubsub/lib/cpp_pubsub/tb3Node
[1.259s] -- Up-to-date symlink: /home/vyom/ros2_ws/install/cpp_pubsub/lib/cpp_pubsub/ps4Node
[1.259s] -- Up-to-date symlink: /home/vyom/ros2_ws/install/cpp_pubsub/lib/cpp_pubsub/pstryNode
[1.260s] -- Up-to-date symlink: /home/vyom/ros2_ws/install/cpp_pubsub/lib/cpp_pubsub/autoNode
[1.260s] -- Up-to-date symlink: /home/vyom/ros2_ws/install/cpp_pubsub/lib/cpp_pubsub/gpsNode
[1.260s] -- Up-to-date symlink: /home/vyom/ros2_ws/install/cpp_pubsub/lib/cpp_pubsub/dNode
[1.260s] -- Up-to-date symlink: /home/vyom/ros2_ws/install/cpp_pubsub/lib/cpp_pubsub/armNode
[1.260s] -- Up-to-date symlink: /home/vyom/ros2_ws/install/cpp_pubsub/lib/cpp_pubsub/ircNode
[1.260s] -- Up-to-date symlink: /home/vyom/ros2_ws/install/cpp_pubsub/lib/cpp_pubsub/IrcNode
[1.260s] -- Up-to-date symlink: /home/vyom/ros2_ws/install/cpp_pubsub/lib/cpp_pubsub/CamNode
[1.260s] -- Up-to-date symlink: /home/vyom/ros2_ws/install/cpp_pubsub/lib/cpp_pubsub/combine
[1.261s] -- Up-to-date symlink: /home/vyom/ros2_ws/install/cpp_pubsub/lib/cpp_pubsub/lidar
[1.261s] -- Up-to-date symlink: /home/vyom/ros2_ws/install/cpp_pubsub/share/ament_index/resource_index/package_run_dependencies/cpp_pubsub
[1.261s] -- Up-to-date symlink: /home/vyom/ros2_ws/install/cpp_pubsub/share/ament_index/resource_index/parent_prefix_path/cpp_pubsub
[1.262s] -- Up-to-date symlink: /home/vyom/ros2_ws/install/cpp_pubsub/share/cpp_pubsub/environment/ament_prefix_path.sh
[1.262s] -- Up-to-date symlink: /home/vyom/ros2_ws/install/cpp_pubsub/share/cpp_pubsub/environment/ament_prefix_path.dsv
[1.262s] -- Up-to-date symlink: /home/vyom/ros2_ws/install/cpp_pubsub/share/cpp_pubsub/environment/path.sh
[1.262s] -- Up-to-date symlink: /home/vyom/ros2_ws/install/cpp_pubsub/share/cpp_pubsub/environment/path.dsv
[1.262s] -- Up-to-date symlink: /home/vyom/ros2_ws/install/cpp_pubsub/share/cpp_pubsub/local_setup.bash
[1.263s] -- Up-to-date symlink: /home/vyom/ros2_ws/install/cpp_pubsub/share/cpp_pubsub/local_setup.sh
[1.263s] -- Up-to-date symlink: /home/vyom/ros2_ws/install/cpp_pubsub/share/cpp_pubsub/local_setup.zsh
[1.263s] -- Up-to-date symlink: /home/vyom/ros2_ws/install/cpp_pubsub/share/cpp_pubsub/local_setup.dsv
[1.263s] -- Symlinking: /home/vyom/ros2_ws/install/cpp_pubsub/share/cpp_pubsub/package.dsv
[1.273s] -- Up-to-date symlink: /home/vyom/ros2_ws/install/cpp_pubsub/share/ament_index/resource_index/packages/cpp_pubsub
[1.274s] -- Up-to-date symlink: /home/vyom/ros2_ws/install/cpp_pubsub/share/cpp_pubsub/cmake/cpp_pubsubConfig.cmake
[1.274s] -- Up-to-date symlink: /home/vyom/ros2_ws/install/cpp_pubsub/share/cpp_pubsub/cmake/cpp_pubsubConfig-version.cmake
[1.274s] -- Up-to-date symlink: /home/vyom/ros2_ws/install/cpp_pubsub/share/cpp_pubsub/package.xml
[1.276s] Invoked command in '/home/vyom/ros2_ws/build/cpp_pubsub' returned '0': CMAKE_PREFIX_PATH=${CMAKE_PREFIX_PATH}:/home/vyom/turtlebot3_ws/install/turtlebot3_teleop:/home/vyom/turtlebot3_ws/install/turtlebot3_example:/home/vyom/ros2_ws/install/py_pubsub:/home/vyom/ros2_ws/install/my_launch_files:/opt/ros/humble /usr/bin/cmake --install /home/vyom/ros2_ws/build/cpp_pubsub
