[0.086s] DEBUG:colcon:Command line arguments: ['/usr/bin/colcon', 'build', '--symlink-install']
[0.086s] DEBUG:colcon:Parsed command line arguments: Namespace(log_base=None, log_level=None, verb_name='build', build_base='build', install_base='install', merge_install=False, symlink_install=True, test_result_base=None, continue_on_error=False, executor='parallel', parallel_workers=8, event_handlers=None, ignore_user_meta=False, metas=['./colcon.meta'], base_paths=['.'], packages_ignore=None, packages_ignore_regex=None, paths=None, packages_up_to=None, packages_up_to_regex=None, packages_above=None, packages_above_and_dependencies=None, packages_above_depth=None, packages_select_by_dep=None, packages_skip_by_dep=None, packages_skip_up_to=None, packages_select_build_failed=False, packages_skip_build_finished=False, packages_select_test_failures=False, packages_skip_test_passed=False, packages_select=None, packages_skip=None, packages_select_regex=None, packages_skip_regex=None, packages_start=None, packages_end=None, allow_overriding=[], cmake_args=None, cmake_target=None, cmake_target_skip_unavailable=False, cmake_clean_cache=False, cmake_clean_first=False, cmake_force_configure=False, ament_cmake_args=None, catkin_cmake_args=None, catkin_skip_building_tests=False, mixin_files=None, mixin=None, verb_parser=<colcon_mixin.mixin.mixin_argument.MixinArgumentDecorator object at 0x7472d5369570>, verb_extension=<colcon_core.verb.build.BuildVerb object at 0x7472d5368fa0>, main=<bound method BuildVerb.main of <colcon_core.verb.build.BuildVerb object at 0x7472d5368fa0>>, mixin_verb=('build',))
[0.218s] Level 1:colcon.colcon_core.package_discovery:discover_packages(colcon_meta) check parameters
[0.218s] Level 1:colcon.colcon_core.package_discovery:discover_packages(recursive) check parameters
[0.218s] Level 1:colcon.colcon_core.package_discovery:discover_packages(ignore) check parameters
[0.218s] Level 1:colcon.colcon_core.package_discovery:discover_packages(path) check parameters
[0.218s] Level 1:colcon.colcon_core.package_discovery:discover_packages(colcon_meta) discover
[0.218s] Level 1:colcon.colcon_core.package_discovery:discover_packages(recursive) discover
[0.218s] INFO:colcon.colcon_core.package_discovery:Crawling recursively for packages in '/home/vyom/ros2_ws'
[0.218s] Level 1:colcon.colcon_core.package_identification:_identify(.) by extensions ['ignore', 'ignore_ament_install']
[0.219s] Level 1:colcon.colcon_core.package_identification:_identify(.) by extension 'ignore'
[0.219s] Level 1:colcon.colcon_core.package_identification:_identify(.) by extension 'ignore_ament_install'
[0.219s] Level 1:colcon.colcon_core.package_identification:_identify(.) by extensions ['colcon_pkg']
[0.219s] Level 1:colcon.colcon_core.package_identification:_identify(.) by extension 'colcon_pkg'
[0.219s] Level 1:colcon.colcon_core.package_identification:_identify(.) by extensions ['colcon_meta']
[0.219s] Level 1:colcon.colcon_core.package_identification:_identify(.) by extension 'colcon_meta'
[0.219s] Level 1:colcon.colcon_core.package_identification:_identify(.) by extensions ['ros']
[0.219s] Level 1:colcon.colcon_core.package_identification:_identify(.) by extension 'ros'
[0.227s] Level 1:colcon.colcon_core.package_identification:_identify(.) by extensions ['cmake', 'python']
[0.227s] Level 1:colcon.colcon_core.package_identification:_identify(.) by extension 'cmake'
[0.227s] Level 1:colcon.colcon_core.package_identification:_identify(.) by extension 'python'
[0.227s] Level 1:colcon.colcon_core.package_identification:_identify(.) by extensions ['python_setup_py']
[0.227s] Level 1:colcon.colcon_core.package_identification:_identify(.) by extension 'python_setup_py'
[0.227s] Level 1:colcon.colcon_core.package_identification:_identify(build) by extensions ['ignore', 'ignore_ament_install']
[0.228s] Level 1:colcon.colcon_core.package_identification:_identify(build) by extension 'ignore'
[0.228s] Level 1:colcon.colcon_core.package_identification:_identify(build) ignored
[0.228s] Level 1:colcon.colcon_core.package_identification:_identify(install) by extensions ['ignore', 'ignore_ament_install']
[0.228s] Level 1:colcon.colcon_core.package_identification:_identify(install) by extension 'ignore'
[0.228s] Level 1:colcon.colcon_core.package_identification:_identify(install) ignored
[0.228s] Level 1:colcon.colcon_core.package_identification:_identify(log) by extensions ['ignore', 'ignore_ament_install']
[0.228s] Level 1:colcon.colcon_core.package_identification:_identify(log) by extension 'ignore'
[0.228s] Level 1:colcon.colcon_core.package_identification:_identify(log) ignored
[0.228s] Level 1:colcon.colcon_core.package_identification:_identify(media) by extensions ['ignore', 'ignore_ament_install']
[0.228s] Level 1:colcon.colcon_core.package_identification:_identify(media) by extension 'ignore'
[0.228s] Level 1:colcon.colcon_core.package_identification:_identify(media) by extension 'ignore_ament_install'
[0.228s] Level 1:colcon.colcon_core.package_identification:_identify(media) by extensions ['colcon_pkg']
[0.228s] Level 1:colcon.colcon_core.package_identification:_identify(media) by extension 'colcon_pkg'
[0.228s] Level 1:colcon.colcon_core.package_identification:_identify(media) by extensions ['colcon_meta']
[0.228s] Level 1:colcon.colcon_core.package_identification:_identify(media) by extension 'colcon_meta'
[0.228s] Level 1:colcon.colcon_core.package_identification:_identify(media) by extensions ['ros']
[0.228s] Level 1:colcon.colcon_core.package_identification:_identify(media) by extension 'ros'
[0.228s] Level 1:colcon.colcon_core.package_identification:_identify(media) by extensions ['cmake', 'python']
[0.228s] Level 1:colcon.colcon_core.package_identification:_identify(media) by extension 'cmake'
[0.228s] Level 1:colcon.colcon_core.package_identification:_identify(media) by extension 'python'
[0.228s] Level 1:colcon.colcon_core.package_identification:_identify(media) by extensions ['python_setup_py']
[0.228s] Level 1:colcon.colcon_core.package_identification:_identify(media) by extension 'python_setup_py'
[0.229s] Level 1:colcon.colcon_core.package_identification:_identify(src) by extensions ['ignore', 'ignore_ament_install']
[0.229s] Level 1:colcon.colcon_core.package_identification:_identify(src) by extension 'ignore'
[0.229s] Level 1:colcon.colcon_core.package_identification:_identify(src) by extension 'ignore_ament_install'
[0.229s] Level 1:colcon.colcon_core.package_identification:_identify(src) by extensions ['colcon_pkg']
[0.229s] Level 1:colcon.colcon_core.package_identification:_identify(src) by extension 'colcon_pkg'
[0.229s] Level 1:colcon.colcon_core.package_identification:_identify(src) by extensions ['colcon_meta']
[0.229s] Level 1:colcon.colcon_core.package_identification:_identify(src) by extension 'colcon_meta'
[0.229s] Level 1:colcon.colcon_core.package_identification:_identify(src) by extensions ['ros']
[0.229s] Level 1:colcon.colcon_core.package_identification:_identify(src) by extension 'ros'
[0.229s] Level 1:colcon.colcon_core.package_identification:_identify(src) by extensions ['cmake', 'python']
[0.229s] Level 1:colcon.colcon_core.package_identification:_identify(src) by extension 'cmake'
[0.229s] Level 1:colcon.colcon_core.package_identification:_identify(src) by extension 'python'
[0.229s] Level 1:colcon.colcon_core.package_identification:_identify(src) by extensions ['python_setup_py']
[0.229s] Level 1:colcon.colcon_core.package_identification:_identify(src) by extension 'python_setup_py'
[0.229s] Level 1:colcon.colcon_core.package_identification:_identify(src/cpp_pubsub) by extensions ['ignore', 'ignore_ament_install']
[0.229s] Level 1:colcon.colcon_core.package_identification:_identify(src/cpp_pubsub) by extension 'ignore'
[0.229s] Level 1:colcon.colcon_core.package_identification:_identify(src/cpp_pubsub) by extension 'ignore_ament_install'
[0.229s] Level 1:colcon.colcon_core.package_identification:_identify(src/cpp_pubsub) by extensions ['colcon_pkg']
[0.229s] Level 1:colcon.colcon_core.package_identification:_identify(src/cpp_pubsub) by extension 'colcon_pkg'
[0.229s] Level 1:colcon.colcon_core.package_identification:_identify(src/cpp_pubsub) by extensions ['colcon_meta']
[0.229s] Level 1:colcon.colcon_core.package_identification:_identify(src/cpp_pubsub) by extension 'colcon_meta'
[0.229s] Level 1:colcon.colcon_core.package_identification:_identify(src/cpp_pubsub) by extensions ['ros']
[0.229s] Level 1:colcon.colcon_core.package_identification:_identify(src/cpp_pubsub) by extension 'ros'
[0.232s] DEBUG:colcon.colcon_core.package_identification:Package 'src/cpp_pubsub' with type 'ros.ament_cmake' and name 'cpp_pubsub'
[0.232s] Level 1:colcon.colcon_core.package_identification:_identify(src/maps) by extensions ['ignore', 'ignore_ament_install']
[0.232s] Level 1:colcon.colcon_core.package_identification:_identify(src/maps) by extension 'ignore'
[0.232s] Level 1:colcon.colcon_core.package_identification:_identify(src/maps) by extension 'ignore_ament_install'
[0.232s] Level 1:colcon.colcon_core.package_identification:_identify(src/maps) by extensions ['colcon_pkg']
[0.232s] Level 1:colcon.colcon_core.package_identification:_identify(src/maps) by extension 'colcon_pkg'
[0.232s] Level 1:colcon.colcon_core.package_identification:_identify(src/maps) by extensions ['colcon_meta']
[0.232s] Level 1:colcon.colcon_core.package_identification:_identify(src/maps) by extension 'colcon_meta'
[0.232s] Level 1:colcon.colcon_core.package_identification:_identify(src/maps) by extensions ['ros']
[0.232s] Level 1:colcon.colcon_core.package_identification:_identify(src/maps) by extension 'ros'
[0.232s] Level 1:colcon.colcon_core.package_identification:_identify(src/maps) by extensions ['cmake', 'python']
[0.232s] Level 1:colcon.colcon_core.package_identification:_identify(src/maps) by extension 'cmake'
[0.232s] Level 1:colcon.colcon_core.package_identification:_identify(src/maps) by extension 'python'
[0.232s] Level 1:colcon.colcon_core.package_identification:_identify(src/maps) by extensions ['python_setup_py']
[0.232s] Level 1:colcon.colcon_core.package_identification:_identify(src/maps) by extension 'python_setup_py'
[0.232s] Level 1:colcon.colcon_core.package_identification:_identify(src/my_launch_files) by extensions ['ignore', 'ignore_ament_install']
[0.232s] Level 1:colcon.colcon_core.package_identification:_identify(src/my_launch_files) by extension 'ignore'
[0.232s] Level 1:colcon.colcon_core.package_identification:_identify(src/my_launch_files) by extension 'ignore_ament_install'
[0.232s] Level 1:colcon.colcon_core.package_identification:_identify(src/my_launch_files) by extensions ['colcon_pkg']
[0.232s] Level 1:colcon.colcon_core.package_identification:_identify(src/my_launch_files) by extension 'colcon_pkg'
[0.232s] Level 1:colcon.colcon_core.package_identification:_identify(src/my_launch_files) by extensions ['colcon_meta']
[0.233s] Level 1:colcon.colcon_core.package_identification:_identify(src/my_launch_files) by extension 'colcon_meta'
[0.233s] Level 1:colcon.colcon_core.package_identification:_identify(src/my_launch_files) by extensions ['ros']
[0.233s] Level 1:colcon.colcon_core.package_identification:_identify(src/my_launch_files) by extension 'ros'
[0.233s] DEBUG:colcon.colcon_core.package_identification:Package 'src/my_launch_files' with type 'ros.ament_python' and name 'my_launch_files'
[0.233s] Level 1:colcon.colcon_core.package_identification:_identify(src/py_pubsub) by extensions ['ignore', 'ignore_ament_install']
[0.233s] Level 1:colcon.colcon_core.package_identification:_identify(src/py_pubsub) by extension 'ignore'
[0.233s] Level 1:colcon.colcon_core.package_identification:_identify(src/py_pubsub) by extension 'ignore_ament_install'
[0.233s] Level 1:colcon.colcon_core.package_identification:_identify(src/py_pubsub) by extensions ['colcon_pkg']
[0.233s] Level 1:colcon.colcon_core.package_identification:_identify(src/py_pubsub) by extension 'colcon_pkg'
[0.233s] Level 1:colcon.colcon_core.package_identification:_identify(src/py_pubsub) by extensions ['colcon_meta']
[0.233s] Level 1:colcon.colcon_core.package_identification:_identify(src/py_pubsub) by extension 'colcon_meta'
[0.233s] Level 1:colcon.colcon_core.package_identification:_identify(src/py_pubsub) by extensions ['ros']
[0.234s] Level 1:colcon.colcon_core.package_identification:_identify(src/py_pubsub) by extension 'ros'
[0.234s] DEBUG:colcon.colcon_core.package_identification:Package 'src/py_pubsub' with type 'ros.ament_python' and name 'py_pubsub'
[0.234s] Level 1:colcon.colcon_core.package_identification:_identify(src/worlds) by extensions ['ignore', 'ignore_ament_install']
[0.234s] Level 1:colcon.colcon_core.package_identification:_identify(src/worlds) by extension 'ignore'
[0.234s] Level 1:colcon.colcon_core.package_identification:_identify(src/worlds) by extension 'ignore_ament_install'
[0.234s] Level 1:colcon.colcon_core.package_identification:_identify(src/worlds) by extensions ['colcon_pkg']
[0.234s] Level 1:colcon.colcon_core.package_identification:_identify(src/worlds) by extension 'colcon_pkg'
[0.234s] Level 1:colcon.colcon_core.package_identification:_identify(src/worlds) by extensions ['colcon_meta']
[0.234s] Level 1:colcon.colcon_core.package_identification:_identify(src/worlds) by extension 'colcon_meta'
[0.234s] Level 1:colcon.colcon_core.package_identification:_identify(src/worlds) by extensions ['ros']
[0.234s] Level 1:colcon.colcon_core.package_identification:_identify(src/worlds) by extension 'ros'
[0.234s] Level 1:colcon.colcon_core.package_identification:_identify(src/worlds) by extensions ['cmake', 'python']
[0.234s] Level 1:colcon.colcon_core.package_identification:_identify(src/worlds) by extension 'cmake'
[0.234s] Level 1:colcon.colcon_core.package_identification:_identify(src/worlds) by extension 'python'
[0.234s] Level 1:colcon.colcon_core.package_identification:_identify(src/worlds) by extensions ['python_setup_py']
[0.235s] Level 1:colcon.colcon_core.package_identification:_identify(src/worlds) by extension 'python_setup_py'
[0.235s] Level 1:colcon.colcon_core.package_discovery:discover_packages(recursive) using defaults
[0.235s] Level 1:colcon.colcon_core.package_discovery:discover_packages(ignore) discover
[0.235s] Level 1:colcon.colcon_core.package_discovery:discover_packages(ignore) using defaults
[0.235s] Level 1:colcon.colcon_core.package_discovery:discover_packages(path) discover
[0.235s] Level 1:colcon.colcon_core.package_discovery:discover_packages(path) using defaults
[0.260s] Level 1:colcon.colcon_core.package_discovery:discover_packages(prefix_path) check parameters
[0.260s] Level 1:colcon.colcon_core.package_discovery:discover_packages(prefix_path) discover
[0.262s] DEBUG:colcon.colcon_installed_package_information.package_discovery:Found 296 installed packages in /opt/ros/humble
[0.263s] Level 1:colcon.colcon_core.package_discovery:discover_packages(prefix_path) using defaults
[0.295s] Level 5:colcon.colcon_core.verb:set package 'cpp_pubsub' build argument 'cmake_args' from command line to 'None'
[0.295s] Level 5:colcon.colcon_core.verb:set package 'cpp_pubsub' build argument 'cmake_target' from command line to 'None'
[0.295s] Level 5:colcon.colcon_core.verb:set package 'cpp_pubsub' build argument 'cmake_target_skip_unavailable' from command line to 'False'
[0.295s] Level 5:colcon.colcon_core.verb:set package 'cpp_pubsub' build argument 'cmake_clean_cache' from command line to 'False'
[0.295s] Level 5:colcon.colcon_core.verb:set package 'cpp_pubsub' build argument 'cmake_clean_first' from command line to 'False'
[0.295s] Level 5:colcon.colcon_core.verb:set package 'cpp_pubsub' build argument 'cmake_force_configure' from command line to 'False'
[0.295s] Level 5:colcon.colcon_core.verb:set package 'cpp_pubsub' build argument 'ament_cmake_args' from command line to 'None'
[0.295s] Level 5:colcon.colcon_core.verb:set package 'cpp_pubsub' build argument 'catkin_cmake_args' from command line to 'None'
[0.295s] Level 5:colcon.colcon_core.verb:set package 'cpp_pubsub' build argument 'catkin_skip_building_tests' from command line to 'False'
[0.295s] DEBUG:colcon.colcon_core.verb:Building package 'cpp_pubsub' with the following arguments: {'ament_cmake_args': None, 'build_base': '/home/vyom/ros2_ws/build/cpp_pubsub', 'catkin_cmake_args': None, 'catkin_skip_building_tests': False, 'cmake_args': None, 'cmake_clean_cache': False, 'cmake_clean_first': False, 'cmake_force_configure': False, 'cmake_target': None, 'cmake_target_skip_unavailable': False, 'install_base': '/home/vyom/ros2_ws/install/cpp_pubsub', 'merge_install': False, 'path': '/home/vyom/ros2_ws/src/cpp_pubsub', 'symlink_install': True, 'test_result_base': None}
[0.295s] Level 5:colcon.colcon_core.verb:set package 'my_launch_files' build argument 'cmake_args' from command line to 'None'
[0.295s] Level 5:colcon.colcon_core.verb:set package 'my_launch_files' build argument 'cmake_target' from command line to 'None'
[0.295s] Level 5:colcon.colcon_core.verb:set package 'my_launch_files' build argument 'cmake_target_skip_unavailable' from command line to 'False'
[0.295s] Level 5:colcon.colcon_core.verb:set package 'my_launch_files' build argument 'cmake_clean_cache' from command line to 'False'
[0.295s] Level 5:colcon.colcon_core.verb:set package 'my_launch_files' build argument 'cmake_clean_first' from command line to 'False'
[0.295s] Level 5:colcon.colcon_core.verb:set package 'my_launch_files' build argument 'cmake_force_configure' from command line to 'False'
[0.295s] Level 5:colcon.colcon_core.verb:set package 'my_launch_files' build argument 'ament_cmake_args' from command line to 'None'
[0.296s] Level 5:colcon.colcon_core.verb:set package 'my_launch_files' build argument 'catkin_cmake_args' from command line to 'None'
[0.296s] Level 5:colcon.colcon_core.verb:set package 'my_launch_files' build argument 'catkin_skip_building_tests' from command line to 'False'
[0.296s] DEBUG:colcon.colcon_core.verb:Building package 'my_launch_files' with the following arguments: {'ament_cmake_args': None, 'build_base': '/home/vyom/ros2_ws/build/my_launch_files', 'catkin_cmake_args': None, 'catkin_skip_building_tests': False, 'cmake_args': None, 'cmake_clean_cache': False, 'cmake_clean_first': False, 'cmake_force_configure': False, 'cmake_target': None, 'cmake_target_skip_unavailable': False, 'install_base': '/home/vyom/ros2_ws/install/my_launch_files', 'merge_install': False, 'path': '/home/vyom/ros2_ws/src/my_launch_files', 'symlink_install': True, 'test_result_base': None}
[0.296s] Level 5:colcon.colcon_core.verb:set package 'py_pubsub' build argument 'cmake_args' from command line to 'None'
[0.296s] Level 5:colcon.colcon_core.verb:set package 'py_pubsub' build argument 'cmake_target' from command line to 'None'
[0.296s] Level 5:colcon.colcon_core.verb:set package 'py_pubsub' build argument 'cmake_target_skip_unavailable' from command line to 'False'
[0.296s] Level 5:colcon.colcon_core.verb:set package 'py_pubsub' build argument 'cmake_clean_cache' from command line to 'False'
[0.296s] Level 5:colcon.colcon_core.verb:set package 'py_pubsub' build argument 'cmake_clean_first' from command line to 'False'
[0.296s] Level 5:colcon.colcon_core.verb:set package 'py_pubsub' build argument 'cmake_force_configure' from command line to 'False'
[0.296s] Level 5:colcon.colcon_core.verb:set package 'py_pubsub' build argument 'ament_cmake_args' from command line to 'None'
[0.296s] Level 5:colcon.colcon_core.verb:set package 'py_pubsub' build argument 'catkin_cmake_args' from command line to 'None'
[0.296s] Level 5:colcon.colcon_core.verb:set package 'py_pubsub' build argument 'catkin_skip_building_tests' from command line to 'False'
[0.296s] DEBUG:colcon.colcon_core.verb:Building package 'py_pubsub' with the following arguments: {'ament_cmake_args': None, 'build_base': '/home/vyom/ros2_ws/build/py_pubsub', 'catkin_cmake_args': None, 'catkin_skip_building_tests': False, 'cmake_args': None, 'cmake_clean_cache': False, 'cmake_clean_first': False, 'cmake_force_configure': False, 'cmake_target': None, 'cmake_target_skip_unavailable': False, 'install_base': '/home/vyom/ros2_ws/install/py_pubsub', 'merge_install': False, 'path': '/home/vyom/ros2_ws/src/py_pubsub', 'symlink_install': True, 'test_result_base': None}
[0.296s] INFO:colcon.colcon_core.executor:Executing jobs using 'parallel' executor
[0.297s] DEBUG:colcon.colcon_parallel_executor.executor.parallel:run_until_complete
[0.297s] INFO:colcon.colcon_ros.task.ament_cmake.build:Building ROS package in '/home/vyom/ros2_ws/src/cpp_pubsub' with build type 'ament_cmake'
[0.298s] INFO:colcon.colcon_cmake.task.cmake.build:Building CMake package in '/home/vyom/ros2_ws/src/cpp_pubsub'
[0.299s] INFO:colcon.colcon_core.plugin_system:Skipping extension 'colcon_core.shell.bat': Not used on non-Windows systems
[0.299s] INFO:colcon.colcon_core.shell:Skip shell extension 'powershell' for command environment: Not usable outside of PowerShell
[0.299s] DEBUG:colcon.colcon_core.shell:Skip shell extension 'dsv' for command environment
[0.302s] INFO:colcon.colcon_ros.task.ament_python.build:Building ROS package in '/home/vyom/ros2_ws/src/my_launch_files' with build type 'ament_python'
[0.302s] Level 1:colcon.colcon_core.shell:create_environment_hook('my_launch_files', 'ament_prefix_path')
[0.302s] INFO:colcon.colcon_core.shell:Creating environment hook '/home/vyom/ros2_ws/install/my_launch_files/share/my_launch_files/hook/ament_prefix_path.ps1'
[0.303s] INFO:colcon.colcon_core.shell:Creating environment descriptor '/home/vyom/ros2_ws/install/my_launch_files/share/my_launch_files/hook/ament_prefix_path.dsv'
[0.303s] INFO:colcon.colcon_core.shell:Creating environment hook '/home/vyom/ros2_ws/install/my_launch_files/share/my_launch_files/hook/ament_prefix_path.sh'
[0.304s] INFO:colcon.colcon_core.shell:Skip shell extension 'powershell' for command environment: Not usable outside of PowerShell
[0.304s] DEBUG:colcon.colcon_core.shell:Skip shell extension 'dsv' for command environment
[0.306s] INFO:colcon.colcon_ros.task.ament_python.build:Building ROS package in '/home/vyom/ros2_ws/src/py_pubsub' with build type 'ament_python'
[0.306s] Level 1:colcon.colcon_core.shell:create_environment_hook('py_pubsub', 'ament_prefix_path')
[0.306s] INFO:colcon.colcon_core.shell:Creating environment hook '/home/vyom/ros2_ws/install/py_pubsub/share/py_pubsub/hook/ament_prefix_path.ps1'
[0.306s] INFO:colcon.colcon_core.shell:Creating environment descriptor '/home/vyom/ros2_ws/install/py_pubsub/share/py_pubsub/hook/ament_prefix_path.dsv'
[0.307s] INFO:colcon.colcon_core.shell:Creating environment hook '/home/vyom/ros2_ws/install/py_pubsub/share/py_pubsub/hook/ament_prefix_path.sh'
[0.307s] INFO:colcon.colcon_core.shell:Skip shell extension 'powershell' for command environment: Not usable outside of PowerShell
[0.307s] DEBUG:colcon.colcon_core.shell:Skip shell extension 'dsv' for command environment
[0.313s] DEBUG:colcon.colcon_core.event_handler.log_command:Invoking command in '/home/vyom/ros2_ws/build/cpp_pubsub': CMAKE_PREFIX_PATH=/opt/ros/humble /usr/bin/cmake /home/vyom/ros2_ws/src/cpp_pubsub -DAMENT_CMAKE_SYMLINK_INSTALL=1 -DCMAKE_INSTALL_PREFIX=/home/vyom/ros2_ws/install/cpp_pubsub
[0.536s] INFO:colcon.colcon_core.task.python.build:Building Python package in '/home/vyom/ros2_ws/src/my_launch_files'
[0.536s] INFO:colcon.colcon_core.shell:Skip shell extension 'powershell' for command environment: Not usable outside of PowerShell
[0.536s] DEBUG:colcon.colcon_core.shell:Skip shell extension 'dsv' for command environment
[0.766s] INFO:colcon.colcon_core.task.python.build:Building Python package in '/home/vyom/ros2_ws/src/py_pubsub'
[0.766s] INFO:colcon.colcon_core.shell:Skip shell extension 'powershell' for command environment: Not usable outside of PowerShell
[0.766s] DEBUG:colcon.colcon_core.shell:Skip shell extension 'dsv' for command environment
[1.009s] DEBUG:colcon.colcon_core.event_handler.log_command:Invoked command in '/home/vyom/ros2_ws/build/cpp_pubsub' returned '0': CMAKE_PREFIX_PATH=/opt/ros/humble /usr/bin/cmake /home/vyom/ros2_ws/src/cpp_pubsub -DAMENT_CMAKE_SYMLINK_INSTALL=1 -DCMAKE_INSTALL_PREFIX=/home/vyom/ros2_ws/install/cpp_pubsub
[1.011s] DEBUG:colcon.colcon_core.event_handler.log_command:Invoking command in '/home/vyom/ros2_ws/build/cpp_pubsub': CMAKE_PREFIX_PATH=/opt/ros/humble /usr/bin/cmake --build /home/vyom/ros2_ws/build/cpp_pubsub -- -j8 -l8
[1.139s] DEBUG:colcon.colcon_core.event_handler.log_command:Invoking command in '/home/vyom/ros2_ws/build/my_launch_files': PYTHONPATH=/home/vyom/ros2_ws/build/my_launch_files/prefix_override:/usr/lib/python3/dist-packages/colcon_core/task/python/colcon_distutils_commands:/home/vyom/ros2_ws/install/my_launch_files/lib/python3.10/site-packages:${PYTHONPATH} /usr/bin/python3 -W ignore:setup.py install is deprecated -W ignore:easy_install command is deprecated setup.py develop --editable --build-directory /home/vyom/ros2_ws/build/my_launch_files/build --no-deps symlink_data
[1.148s] DEBUG:colcon.colcon_core.event_handler.log_command:Invoking command in '/home/vyom/ros2_ws/build/py_pubsub': PYTHONPATH=/home/vyom/ros2_ws/build/py_pubsub/prefix_override:/usr/lib/python3/dist-packages/colcon_core/task/python/colcon_distutils_commands:/home/vyom/ros2_ws/install/py_pubsub/lib/python3.10/site-packages:${PYTHONPATH} /usr/bin/python3 -W ignore:setup.py install is deprecated -W ignore:easy_install command is deprecated setup.py develop --editable --build-directory /home/vyom/ros2_ws/build/py_pubsub/build --no-deps symlink_data
[2.095s] Level 1:colcon.colcon_core.shell:create_environment_hook('py_pubsub', 'pythonpath_develop')
[2.096s] INFO:colcon.colcon_core.shell:Creating environment hook '/home/vyom/ros2_ws/build/py_pubsub/share/py_pubsub/hook/pythonpath_develop.ps1'
[2.098s] INFO:colcon.colcon_core.shell:Creating environment descriptor '/home/vyom/ros2_ws/build/py_pubsub/share/py_pubsub/hook/pythonpath_develop.dsv'
[2.097s] DEBUG:colcon.colcon_core.event_handler.log_command:Invoked command in '/home/vyom/ros2_ws/build/py_pubsub' returned '0': PYTHONPATH=/home/vyom/ros2_ws/build/py_pubsub/prefix_override:/usr/lib/python3/dist-packages/colcon_core/task/python/colcon_distutils_commands:/home/vyom/ros2_ws/install/py_pubsub/lib/python3.10/site-packages:${PYTHONPATH} /usr/bin/python3 -W ignore:setup.py install is deprecated -W ignore:easy_install command is deprecated setup.py develop --editable --build-directory /home/vyom/ros2_ws/build/py_pubsub/build --no-deps symlink_data
[2.103s] INFO:colcon.colcon_core.shell:Creating environment hook '/home/vyom/ros2_ws/build/py_pubsub/share/py_pubsub/hook/pythonpath_develop.sh'
[2.119s] Level 1:colcon.colcon_core.environment:checking '/home/vyom/ros2_ws/install/py_pubsub' for CMake module files
[2.120s] Level 1:colcon.colcon_core.environment:checking '/home/vyom/ros2_ws/install/py_pubsub' for CMake config files
[2.121s] Level 1:colcon.colcon_core.environment:checking '/home/vyom/ros2_ws/install/py_pubsub/lib'
[2.122s] Level 1:colcon.colcon_core.environment:checking '/home/vyom/ros2_ws/install/py_pubsub/bin'
[2.122s] Level 1:colcon.colcon_core.environment:checking '/home/vyom/ros2_ws/install/py_pubsub/lib/pkgconfig/py_pubsub.pc'
[2.129s] Level 1:colcon.colcon_core.environment:checking '/home/vyom/ros2_ws/install/py_pubsub/lib/python3.10/site-packages'
[2.129s] Level 1:colcon.colcon_core.shell:create_environment_hook('py_pubsub', 'pythonpath')
[2.130s] INFO:colcon.colcon_core.shell:Creating environment hook '/home/vyom/ros2_ws/install/py_pubsub/share/py_pubsub/hook/pythonpath.ps1'
[2.130s] INFO:colcon.colcon_core.shell:Creating environment descriptor '/home/vyom/ros2_ws/install/py_pubsub/share/py_pubsub/hook/pythonpath.dsv'
[2.131s] INFO:colcon.colcon_core.shell:Creating environment hook '/home/vyom/ros2_ws/install/py_pubsub/share/py_pubsub/hook/pythonpath.sh'
[2.137s] Level 1:colcon.colcon_core.environment:checking '/home/vyom/ros2_ws/install/py_pubsub/bin'
[2.137s] Level 1:colcon.colcon_core.environment:create_environment_scripts_only(py_pubsub)
[2.138s] INFO:colcon.colcon_core.shell:Creating package script '/home/vyom/ros2_ws/install/py_pubsub/share/py_pubsub/package.ps1'
[2.140s] INFO:colcon.colcon_core.shell:Creating package descriptor '/home/vyom/ros2_ws/install/py_pubsub/share/py_pubsub/package.dsv'
[2.145s] INFO:colcon.colcon_core.shell:Creating package script '/home/vyom/ros2_ws/install/py_pubsub/share/py_pubsub/package.sh'
[2.148s] INFO:colcon.colcon_core.shell:Creating package script '/home/vyom/ros2_ws/install/py_pubsub/share/py_pubsub/package.bash'
[2.150s] INFO:colcon.colcon_core.shell:Creating package script '/home/vyom/ros2_ws/install/py_pubsub/share/py_pubsub/package.zsh'
[2.159s] Level 1:colcon.colcon_core.environment:create_file_with_runtime_dependencies(/home/vyom/ros2_ws/install/py_pubsub/share/colcon-core/packages/py_pubsub)
[2.230s] Level 1:colcon.colcon_core.shell:create_environment_hook('my_launch_files', 'pythonpath_develop')
[2.230s] INFO:colcon.colcon_core.shell:Creating environment hook '/home/vyom/ros2_ws/build/my_launch_files/share/my_launch_files/hook/pythonpath_develop.ps1'
[2.231s] INFO:colcon.colcon_core.shell:Creating environment descriptor '/home/vyom/ros2_ws/build/my_launch_files/share/my_launch_files/hook/pythonpath_develop.dsv'
[2.232s] INFO:colcon.colcon_core.shell:Creating environment hook '/home/vyom/ros2_ws/build/my_launch_files/share/my_launch_files/hook/pythonpath_develop.sh'
[2.237s] Level 1:colcon.colcon_core.environment:checking '/home/vyom/ros2_ws/install/my_launch_files' for CMake module files
[2.238s] Level 1:colcon.colcon_core.environment:checking '/home/vyom/ros2_ws/install/my_launch_files' for CMake config files
[2.239s] DEBUG:colcon.colcon_core.event_handler.log_command:Invoked command in '/home/vyom/ros2_ws/build/my_launch_files' returned '0': PYTHONPATH=/home/vyom/ros2_ws/build/my_launch_files/prefix_override:/usr/lib/python3/dist-packages/colcon_core/task/python/colcon_distutils_commands:/home/vyom/ros2_ws/install/my_launch_files/lib/python3.10/site-packages:${PYTHONPATH} /usr/bin/python3 -W ignore:setup.py install is deprecated -W ignore:easy_install command is deprecated setup.py develop --editable --build-directory /home/vyom/ros2_ws/build/my_launch_files/build --no-deps symlink_data
[2.243s] Level 1:colcon.colcon_core.environment:checking '/home/vyom/ros2_ws/install/my_launch_files/lib'
[2.243s] Level 1:colcon.colcon_core.environment:checking '/home/vyom/ros2_ws/install/my_launch_files/bin'
[2.243s] Level 1:colcon.colcon_core.environment:checking '/home/vyom/ros2_ws/install/my_launch_files/lib/pkgconfig/my_launch_files.pc'
[2.244s] Level 1:colcon.colcon_core.environment:checking '/home/vyom/ros2_ws/install/my_launch_files/lib/python3.10/site-packages'
[2.244s] Level 1:colcon.colcon_core.shell:create_environment_hook('my_launch_files', 'pythonpath')
[2.245s] INFO:colcon.colcon_core.shell:Creating environment hook '/home/vyom/ros2_ws/install/my_launch_files/share/my_launch_files/hook/pythonpath.ps1'
[2.249s] INFO:colcon.colcon_core.shell:Creating environment descriptor '/home/vyom/ros2_ws/install/my_launch_files/share/my_launch_files/hook/pythonpath.dsv'
[2.250s] INFO:colcon.colcon_core.shell:Creating environment hook '/home/vyom/ros2_ws/install/my_launch_files/share/my_launch_files/hook/pythonpath.sh'
[2.251s] Level 1:colcon.colcon_core.environment:checking '/home/vyom/ros2_ws/install/my_launch_files/bin'
[2.251s] Level 1:colcon.colcon_core.environment:create_environment_scripts_only(my_launch_files)
[2.252s] INFO:colcon.colcon_core.shell:Creating package script '/home/vyom/ros2_ws/install/my_launch_files/share/my_launch_files/package.ps1'
[2.257s] INFO:colcon.colcon_core.shell:Creating package descriptor '/home/vyom/ros2_ws/install/my_launch_files/share/my_launch_files/package.dsv'
[2.258s] INFO:colcon.colcon_core.shell:Creating package script '/home/vyom/ros2_ws/install/my_launch_files/share/my_launch_files/package.sh'
[2.265s] INFO:colcon.colcon_core.shell:Creating package script '/home/vyom/ros2_ws/install/my_launch_files/share/my_launch_files/package.bash'
[2.266s] INFO:colcon.colcon_core.shell:Creating package script '/home/vyom/ros2_ws/install/my_launch_files/share/my_launch_files/package.zsh'
[2.271s] Level 1:colcon.colcon_core.environment:create_file_with_runtime_dependencies(/home/vyom/ros2_ws/install/my_launch_files/share/colcon-core/packages/my_launch_files)
[50.992s] DEBUG:colcon.colcon_core.event_handler.log_command:Invoked command in '/home/vyom/ros2_ws/build/cpp_pubsub' returned '0': CMAKE_PREFIX_PATH=/opt/ros/humble /usr/bin/cmake --build /home/vyom/ros2_ws/build/cpp_pubsub -- -j8 -l8
[51.021s] DEBUG:colcon.colcon_core.event_handler.log_command:Invoking command in '/home/vyom/ros2_ws/build/cpp_pubsub': CMAKE_PREFIX_PATH=/opt/ros/humble /usr/bin/cmake --install /home/vyom/ros2_ws/build/cpp_pubsub
[51.246s] Level 1:colcon.colcon_core.environment:create_environment_scripts_only(cpp_pubsub)
[51.253s] Level 1:colcon.colcon_core.environment:checking '/home/vyom/ros2_ws/install/cpp_pubsub' for CMake module files
[51.254s] DEBUG:colcon.colcon_core.event_handler.log_command:Invoked command in '/home/vyom/ros2_ws/build/cpp_pubsub' returned '0': CMAKE_PREFIX_PATH=/opt/ros/humble /usr/bin/cmake --install /home/vyom/ros2_ws/build/cpp_pubsub
[51.255s] Level 1:colcon.colcon_core.environment:checking '/home/vyom/ros2_ws/install/cpp_pubsub' for CMake config files
[51.256s] Level 1:colcon.colcon_core.shell:create_environment_hook('cpp_pubsub', 'cmake_prefix_path')
[51.257s] INFO:colcon.colcon_core.shell:Creating environment hook '/home/vyom/ros2_ws/install/cpp_pubsub/share/cpp_pubsub/hook/cmake_prefix_path.ps1'
[51.263s] INFO:colcon.colcon_core.shell:Creating environment descriptor '/home/vyom/ros2_ws/install/cpp_pubsub/share/cpp_pubsub/hook/cmake_prefix_path.dsv'
[51.264s] INFO:colcon.colcon_core.shell:Creating environment hook '/home/vyom/ros2_ws/install/cpp_pubsub/share/cpp_pubsub/hook/cmake_prefix_path.sh'
[51.267s] Level 1:colcon.colcon_core.environment:checking '/home/vyom/ros2_ws/install/cpp_pubsub/lib'
[51.267s] Level 1:colcon.colcon_core.environment:checking '/home/vyom/ros2_ws/install/cpp_pubsub/bin'
[51.267s] Level 1:colcon.colcon_core.environment:checking '/home/vyom/ros2_ws/install/cpp_pubsub/lib/pkgconfig/cpp_pubsub.pc'
[51.270s] Level 1:colcon.colcon_core.environment:checking '/home/vyom/ros2_ws/install/cpp_pubsub/lib/python3.10/site-packages'
[51.271s] Level 1:colcon.colcon_core.environment:checking '/home/vyom/ros2_ws/install/cpp_pubsub/bin'
[51.271s] INFO:colcon.colcon_core.shell:Creating package script '/home/vyom/ros2_ws/install/cpp_pubsub/share/cpp_pubsub/package.ps1'
[51.272s] INFO:colcon.colcon_core.shell:Creating package descriptor '/home/vyom/ros2_ws/install/cpp_pubsub/share/cpp_pubsub/package.dsv'
[51.273s] INFO:colcon.colcon_core.shell:Creating package script '/home/vyom/ros2_ws/install/cpp_pubsub/share/cpp_pubsub/package.sh'
[51.273s] INFO:colcon.colcon_core.shell:Creating package script '/home/vyom/ros2_ws/install/cpp_pubsub/share/cpp_pubsub/package.bash'
[51.274s] INFO:colcon.colcon_core.shell:Creating package script '/home/vyom/ros2_ws/install/cpp_pubsub/share/cpp_pubsub/package.zsh'
[51.274s] Level 1:colcon.colcon_core.environment:create_file_with_runtime_dependencies(/home/vyom/ros2_ws/install/cpp_pubsub/share/colcon-core/packages/cpp_pubsub)
[51.275s] Level 1:colcon.colcon_core.environment:create_environment_scripts_only(cpp_pubsub)
[51.276s] Level 1:colcon.colcon_core.environment:checking '/home/vyom/ros2_ws/install/cpp_pubsub' for CMake module files
[51.276s] Level 1:colcon.colcon_core.environment:checking '/home/vyom/ros2_ws/install/cpp_pubsub' for CMake config files
[51.277s] Level 1:colcon.colcon_core.shell:create_environment_hook('cpp_pubsub', 'cmake_prefix_path')
[51.277s] INFO:colcon.colcon_core.shell:Creating environment hook '/home/vyom/ros2_ws/install/cpp_pubsub/share/cpp_pubsub/hook/cmake_prefix_path.ps1'
[51.277s] INFO:colcon.colcon_core.shell:Creating environment descriptor '/home/vyom/ros2_ws/install/cpp_pubsub/share/cpp_pubsub/hook/cmake_prefix_path.dsv'
[51.277s] INFO:colcon.colcon_core.shell:Creating environment hook '/home/vyom/ros2_ws/install/cpp_pubsub/share/cpp_pubsub/hook/cmake_prefix_path.sh'
[51.278s] Level 1:colcon.colcon_core.environment:checking '/home/vyom/ros2_ws/install/cpp_pubsub/lib'
[51.278s] Level 1:colcon.colcon_core.environment:checking '/home/vyom/ros2_ws/install/cpp_pubsub/bin'
[51.278s] Level 1:colcon.colcon_core.environment:checking '/home/vyom/ros2_ws/install/cpp_pubsub/lib/pkgconfig/cpp_pubsub.pc'
[51.278s] Level 1:colcon.colcon_core.environment:checking '/home/vyom/ros2_ws/install/cpp_pubsub/lib/python3.10/site-packages'
[51.278s] Level 1:colcon.colcon_core.environment:checking '/home/vyom/ros2_ws/install/cpp_pubsub/bin'
[51.278s] INFO:colcon.colcon_core.shell:Creating package script '/home/vyom/ros2_ws/install/cpp_pubsub/share/cpp_pubsub/package.ps1'
[51.279s] INFO:colcon.colcon_core.shell:Creating package descriptor '/home/vyom/ros2_ws/install/cpp_pubsub/share/cpp_pubsub/package.dsv'
[51.279s] INFO:colcon.colcon_core.shell:Creating package script '/home/vyom/ros2_ws/install/cpp_pubsub/share/cpp_pubsub/package.sh'
[51.280s] INFO:colcon.colcon_core.shell:Creating package script '/home/vyom/ros2_ws/install/cpp_pubsub/share/cpp_pubsub/package.bash'
[51.280s] INFO:colcon.colcon_core.shell:Creating package script '/home/vyom/ros2_ws/install/cpp_pubsub/share/cpp_pubsub/package.zsh'
[51.280s] Level 1:colcon.colcon_core.environment:create_file_with_runtime_dependencies(/home/vyom/ros2_ws/install/cpp_pubsub/share/colcon-core/packages/cpp_pubsub)
[51.281s] DEBUG:colcon.colcon_parallel_executor.executor.parallel:closing loop
[51.283s] DEBUG:colcon.colcon_parallel_executor.executor.parallel:loop closed
[51.284s] DEBUG:colcon.colcon_parallel_executor.executor.parallel:run_until_complete finished with '0'
[51.284s] DEBUG:colcon.colcon_core.event_reactor:joining thread
[51.308s] INFO:colcon.colcon_core.plugin_system:Skipping extension 'colcon_notification.desktop_notification.terminal_notifier': Not used on non-Darwin systems
[51.308s] INFO:colcon.colcon_core.plugin_system:Skipping extension 'colcon_notification.desktop_notification.win32': Not used on non-Windows systems
[51.308s] INFO:colcon.colcon_notification.desktop_notification:Sending desktop notification using 'notify2'
[51.322s] DEBUG:colcon.colcon_core.event_reactor:joined thread
[51.323s] INFO:colcon.colcon_core.shell:Creating prefix script '/home/vyom/ros2_ws/install/local_setup.ps1'
[51.325s] INFO:colcon.colcon_core.shell:Creating prefix util module '/home/vyom/ros2_ws/install/_local_setup_util_ps1.py'
[51.326s] INFO:colcon.colcon_core.shell:Creating prefix chain script '/home/vyom/ros2_ws/install/setup.ps1'
[51.327s] INFO:colcon.colcon_core.shell:Creating prefix script '/home/vyom/ros2_ws/install/local_setup.sh'
[51.328s] INFO:colcon.colcon_core.shell:Creating prefix util module '/home/vyom/ros2_ws/install/_local_setup_util_sh.py'
[51.329s] INFO:colcon.colcon_core.shell:Creating prefix chain script '/home/vyom/ros2_ws/install/setup.sh'
[51.330s] INFO:colcon.colcon_core.shell:Creating prefix script '/home/vyom/ros2_ws/install/local_setup.bash'
[51.330s] INFO:colcon.colcon_core.shell:Creating prefix chain script '/home/vyom/ros2_ws/install/setup.bash'
[51.331s] INFO:colcon.colcon_core.shell:Creating prefix script '/home/vyom/ros2_ws/install/local_setup.zsh'
[51.332s] INFO:colcon.colcon_core.shell:Creating prefix chain script '/home/vyom/ros2_ws/install/setup.zsh'
